<?xml version="1.0" encoding="UTF-8"?>
<testsuite name="com.bridgelabz.datastructure.com.bridgelabz.datastructure.MyLinkedHashMapTest" tests="1" skipped="0" failures="0" errors="0" timestamp="2021-03-31T17:44:00" hostname="DESKTOP-0QBG6NF" time="0.116">
  <properties/>
  <testcase name="addedStringWhenRemoveAWordFromSentenceShouldRemoveThatWordFromHashMap()" classname="com.bridgelabz.datastructure.com.bridgelabz.datastructure.MyLinkedHashMapTest" time="0.116"/>
  <system-out><![CDATA[MyLinkedHashMap List { [MyLinkedListNodes{ MyMapNode { K = themselves V = 1}, MyLinkedListNodes{ MyMapNode { K = but V = 1 -> MyMapNode { K = keep V = 1}, MyLinkedListNodes{ MyMapNode { K = are V = 2 -> MyMapNode { K = they V = 2 -> MyMapNode { K = into V = 1}, null, null, MyLinkedListNodes{ MyMapNode { K = paranoids V = 1 -> MyMapNode { K = putting V = 1}, MyLinkedListNodes{ MyMapNode { K = deliberately V = 1}, MyLinkedListNodes{ MyMapNode { K = not V = 1}, MyLinkedListNodes{ MyMapNode { K = paranoid V = 3 -> MyMapNode { K = because V = 2}, MyLinkedListNodes{ MyMapNode { K = situations V = 1}] }
]]></system-out>
  <system-err><![CDATA[]]></system-err>
</testsuite>
