<?xml version="1.0" encoding="UTF-8"?>
<testsuite name="com.bridgelabz.datastructure.MyHashMapTest" tests="1" skipped="0" failures="0" errors="0" timestamp="2021-03-31T09:57:12" hostname="DESKTOP-0QBG6NF" time="0.128">
  <properties/>
  <testcase name="givenASentenceWhenWordsAreAddedToListShouldReturnWordFrequency()" classname="com.bridgelabz.datastructure.MyHashMapTest" time="0.128"/>
  <system-out><![CDATA[MyHashMapNodes{MyLinkedListNodes{ MyMapNode { K = to V = 2 -> MyMapNode { K = be V = 2 -> MyMapNode { K = or V = 1 -> MyMapNode { K = not V = 1}}
]]></system-out>
  <system-err><![CDATA[]]></system-err>
</testsuite>
