<?xml version="1.0" encoding="UTF-8"?>
<testsuite name="com.bridgelabz.datastructure.MyBinarySearchTreeTest" tests="1" skipped="0" failures="0" errors="0" timestamp="2021-03-31T18:30:03" hostname="DESKTOP-0QBG6NF" time="0.058">
  <properties/>
  <testcase name="givenNumbers_WhenAddedToBinaryTree_whenSearched_ShouldReturnTrueIfItExist()" classname="com.bridgelabz.datastructure.MyBinarySearchTreeTest" time="0.058"/>
  <system-out><![CDATA[63 Found
]]></system-out>
  <system-err><![CDATA[]]></system-err>
</testsuite>
