<?xml version="1.0" encoding="UTF-8"?>
<testsuite name="com.bridgelabz.datastructure.MyBinarySearchTreeTest" tests="1" skipped="0" failures="0" errors="0" timestamp="2021-03-31T18:17:00" hostname="DESKTOP-0QBG6NF" time="0.067">
  <properties/>
  <testcase name="givenNumbers_WhenAddedToBinaryTree_ShouldReturnSizeThirteen()" classname="com.bridgelabz.datastructure.MyBinarySearchTreeTest" time="0.067"/>
  <system-out><![CDATA[]]></system-out>
  <system-err><![CDATA[]]></system-err>
</testsuite>
